--- Starting bitbake server pid 11685 at 2019-11-19 13:40:23.946281 ---
Started bitbake server pid 11685
DEBUG: Found bblayers.conf (/opt/yokto/MIRA6_BSP/phytec-headless-image/conf/bblayers.conf)
DEBUG: Adding layer /opt/yokto/MIRA6_BSP/sources/poky/meta
DEBUG: Adding layer /opt/yokto/MIRA6_BSP/sources/poky/meta-poky
DEBUG: Adding layer /opt/yokto/MIRA6_BSP/sources/poky/../meta-openembedded/meta-oe
DEBUG: Adding layer /opt/yokto/MIRA6_BSP/sources/poky/../meta-openembedded/meta-networking
DEBUG: Adding layer /opt/yokto/MIRA6_BSP/sources/poky/../meta-openembedded/meta-python
DEBUG: Adding layer /opt/yokto/MIRA6_BSP/sources/poky/../meta-openembedded/meta-multimedia
DEBUG: Adding layer /opt/yokto/MIRA6_BSP/sources/poky/../meta-ros
DEBUG: Adding layer /opt/yokto/MIRA6_BSP/sources/poky/../meta-fsl-ppc
DEBUG: Adding layer /opt/yokto/MIRA6_BSP/sources/poky/../meta-gstreamer1.0
DEBUG: Adding layer /opt/yokto/MIRA6_BSP/sources/poky/../meta-nodejs
DEBUG: Adding layer /opt/yokto/MIRA6_BSP/sources/poky/../meta-phytec
DEBUG: Adding layer /opt/yokto/MIRA6_BSP/sources/poky/../meta-qt5
DEBUG: Adding layer /opt/yokto/MIRA6_BSP/sources/poky/../meta-rauc
DEBUG: Adding layer /opt/yokto/MIRA6_BSP/sources/poky/../meta-yogurt
DEBUG: Adding layer /opt/yokto/MIRA6_BSP/sources/poky/../meta-hello-app
DEBUG: Adding layer /opt/yokto/MIRA6_BSP/sources/poky/../meta-hello-qt
DEBUG: Adding layer /opt/yokto/MIRA6_BSP/sources/poky/../meta-can-test
DEBUG: Adding layer /opt/yokto/MIRA6_BSP/sources/meta-hello-kernel
DEBUG: CONF /opt/yokto/MIRA6_BSP/sources/poky/meta/conf/bitbake.conf:741: including conf/abi_version.conf
DEBUG: CONF /opt/yokto/MIRA6_BSP/sources/poky/meta/conf/bitbake.conf:742: including conf/site.conf
DEBUG: CONF file 'conf/site.conf' not found
DEBUG: CONF /opt/yokto/MIRA6_BSP/sources/poky/meta/conf/bitbake.conf:743: including conf/auto.conf
DEBUG: CONF file 'conf/auto.conf' not found
DEBUG: CONF /opt/yokto/MIRA6_BSP/sources/poky/meta/conf/bitbake.conf:744: including conf/local.conf
DEBUG: CONF /opt/yokto/MIRA6_BSP/sources/poky/meta/conf/bitbake.conf:745: including conf/multiconfig/default.conf
DEBUG: CONF /opt/yokto/MIRA6_BSP/sources/poky/meta/conf/bitbake.conf:746: including conf/machine/phyboard-mira-imx6-11.conf
DEBUG: CONF /opt/yokto/MIRA6_BSP/sources/poky/../meta-phytec/conf/machine/phyboard-mira-imx6-11.conf:6: including conf/machine/include/phyimx6qdl.inc
DEBUG: CONF /opt/yokto/MIRA6_BSP/sources/poky/../meta-phytec/conf/machine/include/phyimx6qdl.inc:4: including conf/machine/include/phyimx6.inc
DEBUG: CONF /opt/yokto/MIRA6_BSP/sources/poky/../meta-phytec/conf/machine/include/phyimx6.inc:3: including conf/machine/include/soc-family.inc
DEBUG: CONF /opt/yokto/MIRA6_BSP/sources/poky/../meta-phytec/conf/machine/include/phyimx6qdl.inc:5: including conf/machine/include/tune-cortexa9.inc
DEBUG: CONF /opt/yokto/MIRA6_BSP/sources/poky/meta/conf/machine/include/tune-cortexa9.inc:3: including conf/machine/include/arm/arch-armv7a.inc
DEBUG: CONF /opt/yokto/MIRA6_BSP/sources/poky/meta/conf/machine/include/arm/arch-armv7a.inc:8: including conf/machine/include/arm/arch-armv6.inc
DEBUG: CONF /opt/yokto/MIRA6_BSP/sources/poky/meta/conf/machine/include/arm/arch-armv6.inc:8: including conf/machine/include/arm/arch-armv5-dsp.inc
DEBUG: CONF /opt/yokto/MIRA6_BSP/sources/poky/meta/conf/machine/include/arm/arch-armv5-dsp.inc:4: including conf/machine/include/arm/arch-armv5.inc
DEBUG: CONF /opt/yokto/MIRA6_BSP/sources/poky/meta/conf/machine/include/arm/arch-armv5.inc:8: including conf/machine/include/arm/arch-armv4.inc
DEBUG: CONF /opt/yokto/MIRA6_BSP/sources/poky/meta/conf/machine/include/arm/arch-armv4.inc:15: including conf/machine/include/arm/arch-arm.inc
DEBUG: CONF /opt/yokto/MIRA6_BSP/sources/poky/meta/conf/machine/include/arm/arch-armv4.inc:16: including conf/machine/include/arm/feature-arm-thumb.inc
DEBUG: CONF /opt/yokto/MIRA6_BSP/sources/poky/meta/conf/machine/include/arm/arch-armv5.inc:9: including conf/machine/include/arm/feature-arm-vfp.inc
DEBUG: CONF /opt/yokto/MIRA6_BSP/sources/poky/meta/conf/machine/include/arm/arch-armv7a.inc:9: including conf/machine/include/arm/feature-arm-neon.inc
DEBUG: CONF /opt/yokto/MIRA6_BSP/sources/poky/meta/conf/bitbake.conf:747: including conf/machine-sdk/x86_64.conf
DEBUG: CONF /opt/yokto/MIRA6_BSP/sources/poky/meta/conf/bitbake.conf:748: including conf/distro/yogurt.conf
DEBUG: CONF /opt/yokto/MIRA6_BSP/sources/poky/../meta-yogurt/conf/distro/yogurt.conf:1: including conf/distro/poky.conf
DEBUG: CONF /opt/yokto/MIRA6_BSP/sources/poky/meta-poky/conf/distro/poky.conf:101: including conf/distro/include/poky-world-exclude.inc
DEBUG: CONF /opt/yokto/MIRA6_BSP/sources/poky/meta-poky/conf/distro/poky.conf:102: including conf/distro/include/no-static-libs.inc
DEBUG: CONF /opt/yokto/MIRA6_BSP/sources/poky/meta-poky/conf/distro/poky.conf:103: including conf/distro/include/yocto-uninative.inc
DEBUG: CONF /opt/yokto/MIRA6_BSP/sources/poky/../meta-yogurt/conf/distro/yogurt.conf:2: including common.inc
DEBUG: CONF /opt/yokto/MIRA6_BSP/sources/poky/meta/conf/bitbake.conf:749: including conf/distro/defaultsetup.conf
DEBUG: CONF /opt/yokto/MIRA6_BSP/sources/poky/meta/conf/distro/defaultsetup.conf:1: including conf/distro/include/default-providers.inc
DEBUG: CONF /opt/yokto/MIRA6_BSP/sources/poky/meta/conf/distro/defaultsetup.conf:2: including conf/distro/include/default-versions.inc
DEBUG: CONF /opt/yokto/MIRA6_BSP/sources/poky/meta/conf/distro/defaultsetup.conf:3: including conf/distro/include/default-distrovars.inc
DEBUG: CONF /opt/yokto/MIRA6_BSP/sources/poky/meta/conf/distro/defaultsetup.conf:4: including conf/distro/include/world-broken.inc
DEBUG: CONF /opt/yokto/MIRA6_BSP/sources/poky/meta/conf/distro/defaultsetup.conf:7: including conf/distro/include/tcmode-default.inc
DEBUG: CONF /opt/yokto/MIRA6_BSP/sources/poky/meta/conf/distro/include/tcmode-default.inc:71: including conf/distro/include/as-needed.inc
DEBUG: CONF /opt/yokto/MIRA6_BSP/sources/poky/meta/conf/distro/defaultsetup.conf:10: including conf/distro/include/tclibc-glibc.inc
DEBUG: CONF /opt/yokto/MIRA6_BSP/sources/poky/meta/conf/distro/defaultsetup.conf:12: including conf/distro/include/uninative-flags.inc
DEBUG: CONF /opt/yokto/MIRA6_BSP/sources/poky/meta/conf/bitbake.conf:750: including conf/documentation.conf
DEBUG: CONF /opt/yokto/MIRA6_BSP/sources/poky/meta/conf/bitbake.conf:751: including conf/licenses.conf
DEBUG: CONF /opt/yokto/MIRA6_BSP/sources/poky/meta/conf/bitbake.conf:752: including conf/sanity.conf
DEBUG: Inheriting /opt/yokto/MIRA6_BSP/sources/poky/meta/classes/base.bbclass (from configuration INHERITs:0)
DEBUG: Inheriting /opt/yokto/MIRA6_BSP/sources/poky/meta/classes/patch.bbclass (from /opt/yokto/MIRA6_BSP/sources/poky/meta/classes/base.bbclass:4)
DEBUG: Inheriting /opt/yokto/MIRA6_BSP/sources/poky/meta/classes/terminal.bbclass (from /opt/yokto/MIRA6_BSP/sources/poky/meta/classes/patch.bbclass:11)
DEBUG: Inheriting /opt/yokto/MIRA6_BSP/sources/poky/meta/classes/staging.bbclass (from /opt/yokto/MIRA6_BSP/sources/poky/meta/classes/base.bbclass:5)
DEBUG: Inheriting /opt/yokto/MIRA6_BSP/sources/poky/meta/classes/mirrors.bbclass (from /opt/yokto/MIRA6_BSP/sources/poky/meta/classes/base.bbclass:7)
DEBUG: Inheriting /opt/yokto/MIRA6_BSP/sources/poky/meta/classes/utils.bbclass (from /opt/yokto/MIRA6_BSP/sources/poky/meta/classes/base.bbclass:8)
DEBUG: Inheriting /opt/yokto/MIRA6_BSP/sources/poky/meta/classes/utility-tasks.bbclass (from /opt/yokto/MIRA6_BSP/sources/poky/meta/classes/base.bbclass:9)
DEBUG: Inheriting /opt/yokto/MIRA6_BSP/sources/poky/meta/classes/metadata_scm.bbclass (from /opt/yokto/MIRA6_BSP/sources/poky/meta/classes/base.bbclass:10)
DEBUG: Inheriting /opt/yokto/MIRA6_BSP/sources/poky/meta/classes/logging.bbclass (from /opt/yokto/MIRA6_BSP/sources/poky/meta/classes/base.bbclass:11)
DEBUG: Inheriting /opt/yokto/MIRA6_BSP/sources/poky/meta/classes/buildhistory.bbclass (from configuration INHERITs:0)
DEBUG: Inheriting /opt/yokto/MIRA6_BSP/sources/poky/meta/classes/rm_work.bbclass (from configuration INHERITs:0)
DEBUG: Inheriting /opt/yokto/MIRA6_BSP/sources/poky/meta-poky/classes/poky-sanity.bbclass (from configuration INHERITs:0)
DEBUG: Inheriting /opt/yokto/MIRA6_BSP/sources/poky/meta/classes/uninative.bbclass (from configuration INHERITs:0)
DEBUG: Inheriting /opt/yokto/MIRA6_BSP/sources/poky/meta/classes/sanity.bbclass (from configuration INHERITs:0)
DEBUG: Inheriting /opt/yokto/MIRA6_BSP/sources/poky/../meta-phytec/classes/phytec-mirrors.bbclass (from configuration INHERITs:0)
DEBUG: Inheriting /opt/yokto/MIRA6_BSP/sources/poky/meta/classes/insane.bbclass (from configuration INHERITs:0)
DEBUG: Inheriting /opt/yokto/MIRA6_BSP/sources/poky/meta/classes/buildstats.bbclass (from configuration INHERITs:0)
DEBUG: Inheriting /opt/yokto/MIRA6_BSP/sources/poky/meta/classes/image-prelink.bbclass (from configuration INHERITs:0)
DEBUG: Inheriting /opt/yokto/MIRA6_BSP/sources/poky/meta/classes/linuxloader.bbclass (from /opt/yokto/MIRA6_BSP/sources/poky/meta/classes/image-prelink.bbclass:9)
DEBUG: Inheriting /opt/yokto/MIRA6_BSP/sources/poky/meta/classes/image-mklibs.bbclass (from configuration INHERITs:0)
DEBUG: Inheriting /opt/yokto/MIRA6_BSP/sources/poky/meta/classes/package_ipk.bbclass (from configuration INHERITs:0)
DEBUG: Inheriting /opt/yokto/MIRA6_BSP/sources/poky/meta/classes/package.bbclass (from /opt/yokto/MIRA6_BSP/sources/poky/meta/classes/package_ipk.bbclass:1)
DEBUG: Inheriting /opt/yokto/MIRA6_BSP/sources/poky/meta/classes/packagedata.bbclass (from /opt/yokto/MIRA6_BSP/sources/poky/meta/classes/package.bbclass:41)
DEBUG: Inheriting /opt/yokto/MIRA6_BSP/sources/poky/meta/classes/chrpath.bbclass (from /opt/yokto/MIRA6_BSP/sources/poky/meta/classes/package.bbclass:42)
DEBUG: Inheriting /opt/yokto/MIRA6_BSP/sources/poky/meta/classes/debian.bbclass (from configuration INHERITs:0)
DEBUG: Inheriting /opt/yokto/MIRA6_BSP/sources/poky/meta/classes/devshell.bbclass (from configuration INHERITs:0)
DEBUG: Inheriting /opt/yokto/MIRA6_BSP/sources/poky/meta/classes/sstate.bbclass (from configuration INHERITs:0)
DEBUG: Inheriting /opt/yokto/MIRA6_BSP/sources/poky/meta/classes/license.bbclass (from configuration INHERITs:0)
DEBUG: Inheriting /opt/yokto/MIRA6_BSP/sources/poky/meta/classes/remove-libtool.bbclass (from configuration INHERITs:0)
DEBUG: Inheriting /opt/yokto/MIRA6_BSP/sources/poky/meta/classes/blacklist.bbclass (from configuration INHERITs:0)
DEBUG: Clearing SRCREV cache due to cache policy of: clear
DEBUG: Using cache in '/opt/yokto/MIRA6_BSP/phytec-headless-image/cache/local_file_checksum_cache.dat'
DEBUG: Using cache in '/opt/yokto/MIRA6_BSP/phytec-headless-image/cache/bb_codeparser.dat'
DEBUG: Enabling uninative
Entering server connection loop
Accepting [<socket.socket fd=7, family=AddressFamily.AF_UNIX, type=SocketKind.SOCK_STREAM, proto=0, laddr=bitbake.sock>]
Connecting Client
Running command ['setFeatures', [2]]
Running command ['updateConfig', {'force': False, 'prefile': [], 'invalidate_stamp': None, 'debug': 0, 'debug_domains': [], 'extra_assume_provided': [], 'postfile': [], 'verbose': False, 'dump_signatures': [], 'dry_run': False, 'abort': True, 'server_timeout': None, 'profile': False}, {'XDG_RUNTIME_DIR': '/run/user/1000', 'DISPLAY': 'localhost:10.0', 'HOME': '/home/phyvm', 'HISTCONTROL': 'ignoredups', 'CLAZY_CHECKS': 'level0,level1,function-args-by-ref,reserve-candidates,container-inside-loop,no-copyable-polymorphic,no-rule-of-two-soft,no-connect-non-signal,no-incorrect-emit,no-qproperty-without-notify,no-const-signal-or-slot', 'LC_TIME': 'de_DE.UTF-8', 'BB_ENV_EXTRAWHITE': 'ALL_PROXY BBPATH_EXTRA BB_NO_NETWORK BB_NUMBER_THREADS BB_SETSCENE_ENFORCE BB_SRCREV_POLICY DISTRO FTPS_PROXY FTP_PROXY GIT_PROXY_COMMAND HTTPS_PROXY HTTP_PROXY MACHINE NO_PROXY PARALLEL_MAKE SCREENDIR SDKMACHINE SOCKS5_PASSWD SOCKS5_USER SSH_AGENT_PID SSH_AUTH_SOCK STAMPS_DIR TCLIBC TCMODE all_proxy ftp_proxy ftps_proxy http_proxy https_proxy no_proxy ', 'TERM': 'screen', 'LOGNAME': 'phyvm', 'SSH_CONNECTION': '192.168.100.145 60950 192.168.100.147 22', '_': '/opt/yokto/MIRA6_BSP/sources/poky/bitbake/bin/bitbake', 'LANG': 'en_US.UTF-8', 'PWD': '/opt/yokto/docker/latex', 'LC_IDENTIFICATION': 'de_DE.UTF-8', 'BUILDDIR': '/opt/yokto/MIRA6_BSP/phytec-headless-image', 'BBPATH': '/opt/yokto/MIRA6_BSP/phytec-headless-image', 'PATH': '/opt/yokto/MIRA6_BSP/sources/poky/scripts:/opt/yokto/MIRA6_BSP/sources/poky/bitbake/bin:/home/phyvm/bin:/home/phyvm/.local/bin:/shd/CTC/TOOLS/bin:/usr/local/bin:/usr/bin:/bin:/usr/bin/X11:/usr/lib/mit/bin:/usr/lib/mit/sbin:/sbin:/usr/sbin:/sbin:/usr/sbin', 'PS1': '\\[\\033[38;5;243m\\][\\[\x1b[m\x0f\\]\\[\\033[38;5;214m\\]\\!\\[\x1b[m\x0f\\]\\[\\033[38;5;243m\\]][\\[\x1b[m\x0f\\]\\[\\033[38;5;214m\\]\\u\\[\x1b[m\x0f\\]\\[\\033[38;5;243m\\]]\\[\x1b[m\x0f\\]\\[\\033[38;5;15m\\] \\[\x1b[m\x0f\\]\\[\\033[38;5;87m\\]\\w\\[\x1b[m\x0f\\]\\[\\033[38;5;15m\\] \\[\x1b[m\x0f\\]\\[\\033[38;5;243m\\]\\$:\\[\x1b[m\x0f\\]', 'LC_TELEPHONE': 'de_DE.UTF-8', 'LC_PAPER': 'de_DE.UTF-8', 'LS_COLORS': 'no=01;38;5;251:rs=0:di=00;38;5;81:ln=01;38;5;45:mh=00:pi=48;5;230;38;5;136;01:so=48;5;230;38;5;136;01:do=48;5;230;38;5;136;01:bd=48;5;230;38;5;244;01:cd=48;5;230;38;5;244;01:or=48;5;235;38;5;160:su=48;5;160;38;5;230:sg=48;5;136;38;5;230:ca=30;82:tw=48;5;64;38;5;230:ow=48;5;235;38;5;33:st=48;5;33;38;5;230:ex=01;38;5;64:*.tar=00;38;5;61:*.tgz=01;38;5;61:*.arj=01;38;5;61:*.taz=01;38;5;61:*.lzh=01;38;5;61:*.lzma=01;38;5;61:*.tlz=01;38;5;61:*.txz=01;38;5;61:*.zip=01;38;5;61:*.z=01;38;5;61:*.Z=01;38;5;61:*.dz=01;38;5;61:*.gz=01;38;5;61:*.lz=01;38;5;61:*.xz=01;38;5;61:*.bz2=01;38;5;61:*.bz=01;38;5;61:*.tbz=01;38;5;61:*.tbz2=01;38;5;61:*.tz=01;38;5;61:*.deb=01;38;5;61:*.rpm=01;38;5;61:*.jar=01;38;5;61:*.rar=01;38;5;61:*.ace=01;38;5;61:*.zoo=01;38;5;61:*.cpio=01;38;5;61:*.7z=01;38;5;61:*.rz=01;38;5;61:*.apk=01;38;5;61:*.gem=01;38;5;61:*.jpg=00;38;5;136:*.JPG=00;38;5;136:*.jpeg=00;38;5;136:*.gif=00;38;5;136:*.bmp=00;38;5;136:*.pbm=00;38;5;136:*.pgm=00;38;5;136:*.ppm=00;38;5;136:*.tga=00;38;5;136:*.xbm=00;38;5;136:*.xpm=00;38;5;136:*.tif=00;38;5;136:*.tiff=00;38;5;136:*.png=00;38;5;136:*.svg=00;38;5;136:*.svgz=00;38;5;136:*.mng=00;38;5;136:*.pcx=00;38;5;136:*.dl=00;38;5;136:*.xcf=00;38;5;136:*.xwd=00;38;5;136:*.yuv=00;38;5;136:*.cgm=00;38;5;136:*.emf=00;38;5;136:*.eps=00;38;5;136:*.CR2=00;38;5;136:*.ico=00;38;5;136:*.tex=01;38;5;254:*.rdf=01;38;5;254:*.owl=01;38;5;254:*.n3=01;38;5;254:*.ttl=01;38;5;254:*.nt=01;38;5;254:*.torrent=01;38;5;254:*.xml=01;38;5;254:*Makefile=01;38;5;254:*Rakefile=01;38;5;254:*build.xml=01;38;5;254:*rc=01;38;5;254:*1=01;38;5;254:*.nfo=01;38;5;254:*README=01;38;5;254:*README.txt=01;38;5;254:*readme.txt=01;38;5;254:*.md=01;38;5;254:*README.markdown=01;38;5;254:*.ini=01;38;5;254:*.yml=01;38;5;254:*.cfg=01;38;5;254:*.conf=01;38;5;254:*.cpp=01;38;5;254:*.cc=01;38;5;254:*.pdf=00;38;5;172:*.log=00;38;5;253:*.bak=00;38;5;253:*.aux=00;38;5;253:*.lof=00;38;5;253:*.lol=00;38;5;253:*.lot=00;38;5;253:*.out=00;38;5;253:*.toc=00;38;5;253:*.bbl=00;38;5;253:*.blg=00;38;5;253:*~=00;38;5;253:*#=00;38;5;253:*.part=00;38;5;253:*.incomplete=00;38;5;253:*.swp=00;38;5;253:*.tmp=00;38;5;253:*.temp=00;38;5;253:*.o=00;38;5;253:*.pyc=00;38;5;253:*.class=00;38;5;253:*.cache=00;38;5;250:*.aac=00;38;5;166:*.au=00;38;5;166:*.flac=00;38;5;166:*.mid=00;38;5;166:*.midi=00;38;5;166:*.mka=00;38;5;166:*.mp3=00;38;5;166:*.mpc=00;38;5;166:*.ogg=00;38;5;166:*.ra=00;38;5;166:*.wav=00;38;5;166:*.m4a=00;38;5;166:*.axa=00;38;5;166:*.oga=00;38;5;166:*.spx=00;38;5;166:*.xspf=00;38;5;166:*.mov=01;38;5;166:*.mpg=01;38;5;166:*.mpeg=01;38;5;166:*.m2v=01;38;5;166:*.mkv=01;38;5;166:*.ogm=01;38;5;166:*.mp4=01;38;5;166:*.m4v=01;38;5;166:*.mp4v=01;38;5;166:*.vob=01;38;5;166:*.qt=01;38;5;166:*.nuv=01;38;5;166:*.wmv=01;38;5;166:*.asf=01;38;5;166:*.rm=01;38;5;166:*.rmvb=01;38;5;166:*.flc=01;38;5;166:*.avi=01;38;5;166:*.fli=01;38;5;166:*.flv=01;38;5;166:*.gl=01;38;5;166:*.m2ts=01;38;5;166:*.divx=01;38;5;166:*.webm=01;38;5;166:*.axv=01;38;5;166:*.anx=01;38;5;166:*.ogv=01;38;5;166:*.ogx=01;38;5;166:', 'OLDPWD': '/home/phyvm', 'LC_MEASUREMENT': 'de_DE.UTF-8', 'XDG_SESSION_ID': '16', 'LC_NAME': 'de_DE.UTF-8', 'SHELL': '/bin/bash', 'CXX': 'clazy', 'LC_NUMERIC': 'de_DE.UTF-8', 'USER': 'phyvm', 'LC_MONETARY': 'de_DE.UTF-8', 'QT_QPA_PLATFORMTHEME': 'appmenu-qt5', 'CC': 'clang', 'MAIL': '/var/mail/phyvm', 'SSH_CLIENT': '192.168.100.145 60950 22', 'XDG_DATA_DIRS': '/usr/local/share:/usr/share:/var/lib/snapd/desktop', 'LC_ADDRESS': 'de_DE.UTF-8', 'SHLVL': '1', 'SSH_TTY': '/dev/pts/1', 'LC_ALL': 'en_US.UTF-8', 'LESSOPEN': '| /usr/bin/lesspipe %s', 'LESSCLOSE': '/usr/bin/lesspipe %s %s'}, ['/opt/yokto/MIRA6_BSP/sources/poky/bitbake/bin/bitbake', '-e', 'phytec-headless-image']]
Running command ['getVariable', 'BBINCLUDELOGS']
Running command ['getVariable', 'BBINCLUDELOGS_LINES']
Running command ['getSetVariable', 'BB_CONSOLELOG']
Running command ['getUIHandlerNum']
Running command ['setEventMask', 1, 20, {}, ['bb.runqueue.runQueueExitWait', 'bb.event.LogExecTTY', 'logging.LogRecord', 'bb.build.TaskFailed', 'bb.build.TaskBase', 'bb.event.ParseStarted', 'bb.event.ParseProgress', 'bb.event.ParseCompleted', 'bb.event.CacheLoadStarted', 'bb.event.CacheLoadProgress', 'bb.event.CacheLoadCompleted', 'bb.command.CommandFailed', 'bb.command.CommandExit', 'bb.command.CommandCompleted', 'bb.cooker.CookerExit', 'bb.event.MultipleProviders', 'bb.event.NoProvider', 'bb.runqueue.sceneQueueTaskStarted', 'bb.runqueue.runQueueTaskStarted', 'bb.runqueue.runQueueTaskFailed', 'bb.runqueue.sceneQueueTaskFailed', 'bb.event.BuildBase', 'bb.build.TaskStarted', 'bb.build.TaskSucceeded', 'bb.build.TaskFailedSilent', 'bb.build.TaskProgress', 'bb.event.ProcessStarted', 'bb.event.ProcessProgress', 'bb.event.ProcessFinished']]
Running command ['getVariable', 'BB_DEFAULT_TASK']
Running command ['setConfig', 'cmd', 'build']
Running command ['showEnvironmentTarget', ['phytec-headless-image']]
Connecting Client
Disconnecting Client
No timeout, exiting.
Exiting
